[35m[1mConsolidate compiler generated dependencies of target odom_to_path[0m
[ 50%] [32mBuilding CXX object CMakeFiles/odom_to_path.dir/src/path_gen.cpp.o[0m
[100%] [32m[1mLinking CXX executable odom_to_path[0m
[100%] Built target odom_to_path
-- Install configuration: ""
-- Installing: /home/jetson/f1tenth/src/f1tenth_system/odom_to_path/install/odom_to_path/share/ament_index/resource_index/package_run_dependencies/odom_to_path
-- Installing: /home/jetson/f1tenth/src/f1tenth_system/odom_to_path/install/odom_to_path/share/ament_index/resource_index/parent_prefix_path/odom_to_path
-- Installing: /home/jetson/f1tenth/src/f1tenth_system/odom_to_path/install/odom_to_path/share/odom_to_path/environment/ament_prefix_path.sh
-- Installing: /home/jetson/f1tenth/src/f1tenth_system/odom_to_path/install/odom_to_path/share/odom_to_path/environment/ament_prefix_path.dsv
-- Installing: /home/jetson/f1tenth/src/f1tenth_system/odom_to_path/install/odom_to_path/share/odom_to_path/environment/path.sh
-- Installing: /home/jetson/f1tenth/src/f1tenth_system/odom_to_path/install/odom_to_path/share/odom_to_path/environment/path.dsv
-- Installing: /home/jetson/f1tenth/src/f1tenth_system/odom_to_path/install/odom_to_path/share/odom_to_path/local_setup.bash
-- Installing: /home/jetson/f1tenth/src/f1tenth_system/odom_to_path/install/odom_to_path/share/odom_to_path/local_setup.sh
-- Installing: /home/jetson/f1tenth/src/f1tenth_system/odom_to_path/install/odom_to_path/share/odom_to_path/local_setup.zsh
-- Installing: /home/jetson/f1tenth/src/f1tenth_system/odom_to_path/install/odom_to_path/share/odom_to_path/local_setup.dsv
-- Installing: /home/jetson/f1tenth/src/f1tenth_system/odom_to_path/install/odom_to_path/share/odom_to_path/package.dsv
-- Installing: /home/jetson/f1tenth/src/f1tenth_system/odom_to_path/install/odom_to_path/share/ament_index/resource_index/packages/odom_to_path
-- Installing: /home/jetson/f1tenth/src/f1tenth_system/odom_to_path/install/odom_to_path/share/odom_to_path/cmake/odom_to_pathConfig.cmake
-- Installing: /home/jetson/f1tenth/src/f1tenth_system/odom_to_path/install/odom_to_path/share/odom_to_path/cmake/odom_to_pathConfig-version.cmake
-- Installing: /home/jetson/f1tenth/src/f1tenth_system/odom_to_path/install/odom_to_path/share/odom_to_path/package.xml
