[0.025s] Invoking command in '/home/jetson/f1tenth/src/f1tenth_system/odom_to_path/build/odom_to_path': CMAKE_PREFIX_PATH=${CMAKE_PREFIX_PATH}:/home/jetson/f1tenth/install/f1tenth_stack:/home/jetson/f1tenth/install/joy_teleop:/home/jetson/f1tenth/install/slam:/home/jetson/f1tenth/install/ros2_jetson_stats:/home/jetson/f1tenth/install/mouse_teleop:/home/jetson/f1tenth/install/key_teleop:/opt/ros/humble /usr/bin/cmake /home/jetson/f1tenth/src/f1tenth_system/odom_to_path -DCMAKE_INSTALL_PREFIX=/home/jetson/f1tenth/src/f1tenth_system/odom_to_path/install/odom_to_path
[0.182s] -- The C compiler identification is GNU 11.4.0
[0.320s] -- The CXX compiler identification is GNU 11.4.0
[0.344s] -- Detecting C compiler ABI info
[0.500s] -- Detecting C compiler ABI info - done
[0.513s] -- Check for working C compiler: /usr/bin/cc - skipped
[0.513s] -- Detecting C compile features
[0.514s] -- Detecting C compile features - done
[0.522s] -- Detecting CXX compiler ABI info
[0.690s] -- Detecting CXX compiler ABI info - done
[0.701s] -- Check for working CXX compiler: /usr/bin/c++ - skipped
[0.702s] -- Detecting CXX compile features
[0.702s] -- Detecting CXX compile features - done
[0.718s] -- Found ament_cmake: 1.3.11 (/opt/ros/humble/share/ament_cmake/cmake)
[1.146s] -- Found Python3: /usr/bin/python3 (found version "3.10.12") found components: Interpreter 
[1.463s] -- Found rclcpp: 16.0.11 (/opt/ros/humble/share/rclcpp/cmake)
[1.609s] -- Found rosidl_generator_c: 3.1.6 (/opt/ros/humble/share/rosidl_generator_c/cmake)
[1.631s] -- Found rosidl_adapter: 3.1.6 (/opt/ros/humble/share/rosidl_adapter/cmake)
[1.660s] -- Found rosidl_generator_cpp: 3.1.6 (/opt/ros/humble/share/rosidl_generator_cpp/cmake)
[1.697s] -- Using all available rosidl_typesupport_c: rosidl_typesupport_fastrtps_c;rosidl_typesupport_introspection_c
[1.747s] -- Using all available rosidl_typesupport_cpp: rosidl_typesupport_fastrtps_cpp;rosidl_typesupport_introspection_cpp
[1.886s] -- Found rmw_implementation_cmake: 6.1.2 (/opt/ros/humble/share/rmw_implementation_cmake/cmake)
[1.900s] -- Found rmw_fastrtps_cpp: 6.2.7 (/opt/ros/humble/share/rmw_fastrtps_cpp/cmake)
[2.117s] -- Found OpenSSL: /usr/lib/aarch64-linux-gnu/libcrypto.so (found version "3.0.2")  
[2.193s] -- Found FastRTPS: /opt/ros/humble/include  
[2.283s] -- Using RMW implementation 'rmw_fastrtps_cpp' as default
[2.317s] -- Looking for pthread.h
[2.464s] -- Looking for pthread.h - found
[2.465s] -- Performing Test CMAKE_HAVE_LIBC_PTHREAD
[2.622s] -- Performing Test CMAKE_HAVE_LIBC_PTHREAD - Success
[2.625s] -- Found Threads: TRUE  
[2.789s] -- Found nav_msgs: 4.2.4 (/opt/ros/humble/share/nav_msgs/cmake)
[2.868s] -- Found ament_lint_auto: 0.12.11 (/opt/ros/humble/share/ament_lint_auto/cmake)
[3.106s] -- Added test 'cppcheck' to perform static code analysis on C / C++ code
[3.107s] -- Configured cppcheck include dirs: 
[3.107s] -- Configured cppcheck exclude dirs and/or files: 
[3.112s] -- Added test 'lint_cmake' to check CMake code style
[3.124s] -- Added test 'uncrustify' to check C / C++ code style
[3.124s] -- Configured uncrustify additional arguments: 
[3.127s] -- Added test 'xmllint' to check XML markup files
[3.132s] -- Configuring done
[3.153s] -- Generating done
[3.161s] -- Build files have been written to: /home/jetson/f1tenth/src/f1tenth_system/odom_to_path/build/odom_to_path
[3.188s] Invoked command in '/home/jetson/f1tenth/src/f1tenth_system/odom_to_path/build/odom_to_path' returned '0': CMAKE_PREFIX_PATH=${CMAKE_PREFIX_PATH}:/home/jetson/f1tenth/install/f1tenth_stack:/home/jetson/f1tenth/install/joy_teleop:/home/jetson/f1tenth/install/slam:/home/jetson/f1tenth/install/ros2_jetson_stats:/home/jetson/f1tenth/install/mouse_teleop:/home/jetson/f1tenth/install/key_teleop:/opt/ros/humble /usr/bin/cmake /home/jetson/f1tenth/src/f1tenth_system/odom_to_path -DCMAKE_INSTALL_PREFIX=/home/jetson/f1tenth/src/f1tenth_system/odom_to_path/install/odom_to_path
[3.192s] Invoking command in '/home/jetson/f1tenth/src/f1tenth_system/odom_to_path/build/odom_to_path': CMAKE_PREFIX_PATH=${CMAKE_PREFIX_PATH}:/home/jetson/f1tenth/install/f1tenth_stack:/home/jetson/f1tenth/install/joy_teleop:/home/jetson/f1tenth/install/slam:/home/jetson/f1tenth/install/ros2_jetson_stats:/home/jetson/f1tenth/install/mouse_teleop:/home/jetson/f1tenth/install/key_teleop:/opt/ros/humble /usr/bin/cmake --build /home/jetson/f1tenth/src/f1tenth_system/odom_to_path/build/odom_to_path -- -j6 -l6
[3.305s] [ 50%] [32mBuilding CXX object CMakeFiles/odom_to_path.dir/src/path_gen.cpp.o[0m
[8.252s] [01m[K/home/jetson/f1tenth/src/f1tenth_system/odom_to_path/src/path_gen.cpp:45:30:[m[K [01;31m[Kerror: [m[Kexpected ‘[01m[K;[m[K’ at end of member declaration
[8.252s]    45 |     std::string odom_topic_, [01;31m[Kpath_topic_[m[K
[8.252s]       |                              [01;31m[K^~~~~~~~~~~[m[K
[8.253s]       |                                         [32m[K;[m[K
[14.104s] gmake[2]: *** [CMakeFiles/odom_to_path.dir/build.make:76: CMakeFiles/odom_to_path.dir/src/path_gen.cpp.o] Error 1
[14.104s] gmake[1]: *** [CMakeFiles/Makefile2:137: CMakeFiles/odom_to_path.dir/all] Error 2
[14.105s] gmake: *** [Makefile:146: all] Error 2
[14.110s] Invoked command in '/home/jetson/f1tenth/src/f1tenth_system/odom_to_path/build/odom_to_path' returned '2': CMAKE_PREFIX_PATH=${CMAKE_PREFIX_PATH}:/home/jetson/f1tenth/install/f1tenth_stack:/home/jetson/f1tenth/install/joy_teleop:/home/jetson/f1tenth/install/slam:/home/jetson/f1tenth/install/ros2_jetson_stats:/home/jetson/f1tenth/install/mouse_teleop:/home/jetson/f1tenth/install/key_teleop:/opt/ros/humble /usr/bin/cmake --build /home/jetson/f1tenth/src/f1tenth_system/odom_to_path/build/odom_to_path -- -j6 -l6
