[0.241s] DEBUG:colcon:Command line arguments: ['/usr/bin/colcon', 'build']
[0.241s] DEBUG:colcon:Parsed command line arguments: Namespace(log_base=None, log_level=None, verb_name='build', build_base='build', install_base='install', merge_install=False, symlink_install=False, test_result_base=None, continue_on_error=False, executor='parallel', parallel_workers=6, event_handlers=None, ignore_user_meta=False, metas=['./colcon.meta'], base_paths=['.'], packages_ignore=None, packages_ignore_regex=None, paths=None, packages_up_to=None, packages_up_to_regex=None, packages_above=None, packages_above_and_dependencies=None, packages_above_depth=None, packages_select_by_dep=None, packages_skip_by_dep=None, packages_skip_up_to=None, packages_select_build_failed=False, packages_skip_build_finished=False, packages_select_test_failures=False, packages_skip_test_passed=False, packages_select=None, packages_skip=None, packages_select_regex=None, packages_skip_regex=None, packages_start=None, packages_end=None, allow_overriding=[], cmake_args=None, cmake_target=None, cmake_target_skip_unavailable=False, cmake_clean_cache=False, cmake_clean_first=False, cmake_force_configure=False, ament_cmake_args=None, catkin_cmake_args=None, catkin_skip_building_tests=False, mixin_files=None, mixin=None, verb_parser=<colcon_mixin.mixin.mixin_argument.MixinArgumentDecorator object at 0xffff9c12be20>, verb_extension=<colcon_core.verb.build.BuildVerb object at 0xffff9c0e9300>, main=<bound method BuildVerb.main of <colcon_core.verb.build.BuildVerb object at 0xffff9c0e9300>>, mixin_verb=('build',))
[0.609s] Level 1:colcon.colcon_core.package_discovery:discover_packages(colcon_meta) check parameters
[0.609s] Level 1:colcon.colcon_core.package_discovery:discover_packages(recursive) check parameters
[0.609s] Level 1:colcon.colcon_core.package_discovery:discover_packages(ignore) check parameters
[0.610s] Level 1:colcon.colcon_core.package_discovery:discover_packages(path) check parameters
[0.610s] Level 1:colcon.colcon_core.package_discovery:discover_packages(colcon_meta) discover
[0.610s] Level 1:colcon.colcon_core.package_discovery:discover_packages(recursive) discover
[0.610s] INFO:colcon.colcon_core.package_discovery:Crawling recursively for packages in '/home/jetson/f1tenth/src/f1tenth_system/odom_to_path'
[0.610s] Level 1:colcon.colcon_core.package_identification:_identify(.) by extensions ['ignore', 'ignore_ament_install']
[0.610s] Level 1:colcon.colcon_core.package_identification:_identify(.) by extension 'ignore'
[0.610s] Level 1:colcon.colcon_core.package_identification:_identify(.) by extension 'ignore_ament_install'
[0.611s] Level 1:colcon.colcon_core.package_identification:_identify(.) by extensions ['colcon_pkg']
[0.611s] Level 1:colcon.colcon_core.package_identification:_identify(.) by extension 'colcon_pkg'
[0.611s] Level 1:colcon.colcon_core.package_identification:_identify(.) by extensions ['colcon_meta']
[0.611s] Level 1:colcon.colcon_core.package_identification:_identify(.) by extension 'colcon_meta'
[0.611s] Level 1:colcon.colcon_core.package_identification:_identify(.) by extensions ['ros']
[0.611s] Level 1:colcon.colcon_core.package_identification:_identify(.) by extension 'ros'
[0.637s] DEBUG:colcon.colcon_core.package_identification:Package '.' with type 'ros.ament_cmake' and name 'odom_to_path'
[0.637s] Level 1:colcon.colcon_core.package_discovery:discover_packages(recursive) using defaults
[0.637s] Level 1:colcon.colcon_core.package_discovery:discover_packages(ignore) discover
[0.637s] Level 1:colcon.colcon_core.package_discovery:discover_packages(ignore) using defaults
[0.637s] Level 1:colcon.colcon_core.package_discovery:discover_packages(path) discover
[0.637s] Level 1:colcon.colcon_core.package_discovery:discover_packages(path) using defaults
[0.707s] Level 1:colcon.colcon_core.package_discovery:discover_packages(prefix_path) check parameters
[0.707s] Level 1:colcon.colcon_core.package_discovery:discover_packages(prefix_path) discover
[0.713s] DEBUG:colcon.colcon_installed_package_information.package_discovery:Found 2 installed packages in /home/jetson/Xsens_MTi_ROS_Driver_and_Ntrip_Client/install
[0.715s] DEBUG:colcon.colcon_installed_package_information.package_discovery:Found 34 installed packages in /home/jetson/f1tenth/install
[0.718s] DEBUG:colcon.colcon_installed_package_information.package_discovery:Found 324 installed packages in /opt/ros/humble
[0.721s] Level 1:colcon.colcon_core.package_discovery:discover_packages(prefix_path) using defaults
[0.800s] Level 5:colcon.colcon_core.verb:set package 'odom_to_path' build argument 'cmake_args' from command line to 'None'
[0.800s] Level 5:colcon.colcon_core.verb:set package 'odom_to_path' build argument 'cmake_target' from command line to 'None'
[0.800s] Level 5:colcon.colcon_core.verb:set package 'odom_to_path' build argument 'cmake_target_skip_unavailable' from command line to 'False'
[0.801s] Level 5:colcon.colcon_core.verb:set package 'odom_to_path' build argument 'cmake_clean_cache' from command line to 'False'
[0.801s] Level 5:colcon.colcon_core.verb:set package 'odom_to_path' build argument 'cmake_clean_first' from command line to 'False'
[0.801s] Level 5:colcon.colcon_core.verb:set package 'odom_to_path' build argument 'cmake_force_configure' from command line to 'False'
[0.801s] Level 5:colcon.colcon_core.verb:set package 'odom_to_path' build argument 'ament_cmake_args' from command line to 'None'
[0.801s] Level 5:colcon.colcon_core.verb:set package 'odom_to_path' build argument 'catkin_cmake_args' from command line to 'None'
[0.801s] Level 5:colcon.colcon_core.verb:set package 'odom_to_path' build argument 'catkin_skip_building_tests' from command line to 'False'
[0.801s] DEBUG:colcon.colcon_core.verb:Building package 'odom_to_path' with the following arguments: {'ament_cmake_args': None, 'build_base': '/home/jetson/f1tenth/src/f1tenth_system/odom_to_path/build/odom_to_path', 'catkin_cmake_args': None, 'catkin_skip_building_tests': False, 'cmake_args': None, 'cmake_clean_cache': False, 'cmake_clean_first': False, 'cmake_force_configure': False, 'cmake_target': None, 'cmake_target_skip_unavailable': False, 'install_base': '/home/jetson/f1tenth/src/f1tenth_system/odom_to_path/install/odom_to_path', 'merge_install': False, 'path': '/home/jetson/f1tenth/src/f1tenth_system/odom_to_path', 'symlink_install': False, 'test_result_base': None}
[0.801s] INFO:colcon.colcon_core.executor:Executing jobs using 'parallel' executor
[0.803s] DEBUG:colcon.colcon_parallel_executor.executor.parallel:run_until_complete
[0.804s] INFO:colcon.colcon_ros.task.ament_cmake.build:Building ROS package in '/home/jetson/f1tenth/src/f1tenth_system/odom_to_path' with build type 'ament_cmake'
[0.804s] INFO:colcon.colcon_cmake.task.cmake.build:Building CMake package in '/home/jetson/f1tenth/src/f1tenth_system/odom_to_path'
[0.808s] INFO:colcon.colcon_core.plugin_system:Skipping extension 'colcon_core.shell.bat': Not used on non-Windows systems
[0.808s] INFO:colcon.colcon_core.shell:Skip shell extension 'powershell' for command environment: Not usable outside of PowerShell
[0.808s] DEBUG:colcon.colcon_core.shell:Skip shell extension 'dsv' for command environment
[0.829s] DEBUG:colcon.colcon_core.event_handler.log_command:Invoking command in '/home/jetson/f1tenth/src/f1tenth_system/odom_to_path/build/odom_to_path': CMAKE_PREFIX_PATH=${CMAKE_PREFIX_PATH}:/home/jetson/f1tenth/install/f1tenth_stack:/home/jetson/f1tenth/install/joy_teleop:/home/jetson/f1tenth/install/slam:/home/jetson/f1tenth/install/ros2_jetson_stats:/home/jetson/f1tenth/install/mouse_teleop:/home/jetson/f1tenth/install/key_teleop:/opt/ros/humble /usr/bin/cmake --build /home/jetson/f1tenth/src/f1tenth_system/odom_to_path/build/odom_to_path -- -j6 -l6
[11.551s] DEBUG:colcon.colcon_core.event_handler.log_command:Invoked command in '/home/jetson/f1tenth/src/f1tenth_system/odom_to_path/build/odom_to_path' returned '2': CMAKE_PREFIX_PATH=${CMAKE_PREFIX_PATH}:/home/jetson/f1tenth/install/f1tenth_stack:/home/jetson/f1tenth/install/joy_teleop:/home/jetson/f1tenth/install/slam:/home/jetson/f1tenth/install/ros2_jetson_stats:/home/jetson/f1tenth/install/mouse_teleop:/home/jetson/f1tenth/install/key_teleop:/opt/ros/humble /usr/bin/cmake --build /home/jetson/f1tenth/src/f1tenth_system/odom_to_path/build/odom_to_path -- -j6 -l6
[11.553s] Level 1:colcon.colcon_core.environment:create_environment_scripts_only(odom_to_path)
[11.559s] Level 1:colcon.colcon_core.environment:checking '/home/jetson/f1tenth/src/f1tenth_system/odom_to_path/install/odom_to_path' for CMake module files
[11.560s] Level 1:colcon.colcon_core.environment:checking '/home/jetson/f1tenth/src/f1tenth_system/odom_to_path/install/odom_to_path' for CMake config files
[11.561s] Level 1:colcon.colcon_core.environment:checking '/home/jetson/f1tenth/src/f1tenth_system/odom_to_path/install/odom_to_path/bin'
[11.562s] Level 1:colcon.colcon_core.environment:checking '/home/jetson/f1tenth/src/f1tenth_system/odom_to_path/install/odom_to_path/lib/pkgconfig/odom_to_path.pc'
[11.562s] Level 1:colcon.colcon_core.environment:checking '/home/jetson/f1tenth/src/f1tenth_system/odom_to_path/install/odom_to_path/lib/python3.10/site-packages'
[11.563s] Level 1:colcon.colcon_core.environment:checking '/home/jetson/f1tenth/src/f1tenth_system/odom_to_path/install/odom_to_path/bin'
[11.563s] INFO:colcon.colcon_core.shell:Creating package script '/home/jetson/f1tenth/src/f1tenth_system/odom_to_path/install/odom_to_path/share/odom_to_path/package.ps1'
[11.566s] INFO:colcon.colcon_core.shell:Creating package descriptor '/home/jetson/f1tenth/src/f1tenth_system/odom_to_path/install/odom_to_path/share/odom_to_path/package.dsv'
[11.567s] INFO:colcon.colcon_core.shell:Creating package script '/home/jetson/f1tenth/src/f1tenth_system/odom_to_path/install/odom_to_path/share/odom_to_path/package.sh'
[11.569s] INFO:colcon.colcon_core.shell:Creating package script '/home/jetson/f1tenth/src/f1tenth_system/odom_to_path/install/odom_to_path/share/odom_to_path/package.bash'
[11.571s] INFO:colcon.colcon_core.shell:Creating package script '/home/jetson/f1tenth/src/f1tenth_system/odom_to_path/install/odom_to_path/share/odom_to_path/package.zsh'
[11.573s] Level 1:colcon.colcon_core.environment:create_file_with_runtime_dependencies(/home/jetson/f1tenth/src/f1tenth_system/odom_to_path/install/odom_to_path/share/colcon-core/packages/odom_to_path)
[11.584s] DEBUG:colcon.colcon_parallel_executor.executor.parallel:closing loop
[11.584s] DEBUG:colcon.colcon_parallel_executor.executor.parallel:loop closed
[11.585s] DEBUG:colcon.colcon_parallel_executor.executor.parallel:run_until_complete finished with '2'
[11.585s] DEBUG:colcon.colcon_core.event_reactor:joining thread
[11.605s] INFO:colcon.colcon_core.plugin_system:Skipping extension 'colcon_notification.desktop_notification.terminal_notifier': Not used on non-Darwin systems
[11.605s] INFO:colcon.colcon_core.plugin_system:Skipping extension 'colcon_notification.desktop_notification.win32': Not used on non-Windows systems
[11.605s] INFO:colcon.colcon_notification.desktop_notification:Sending desktop notification using 'notify2'
[11.650s] DEBUG:colcon.colcon_core.event_reactor:joined thread
[11.651s] INFO:colcon.colcon_core.shell:Creating prefix script '/home/jetson/f1tenth/src/f1tenth_system/odom_to_path/install/local_setup.ps1'
[11.655s] INFO:colcon.colcon_core.shell:Creating prefix util module '/home/jetson/f1tenth/src/f1tenth_system/odom_to_path/install/_local_setup_util_ps1.py'
[11.659s] INFO:colcon.colcon_core.shell:Creating prefix chain script '/home/jetson/f1tenth/src/f1tenth_system/odom_to_path/install/setup.ps1'
[11.666s] INFO:colcon.colcon_core.shell:Creating prefix script '/home/jetson/f1tenth/src/f1tenth_system/odom_to_path/install/local_setup.sh'
[11.669s] INFO:colcon.colcon_core.shell:Creating prefix util module '/home/jetson/f1tenth/src/f1tenth_system/odom_to_path/install/_local_setup_util_sh.py'
[11.671s] INFO:colcon.colcon_core.shell:Creating prefix chain script '/home/jetson/f1tenth/src/f1tenth_system/odom_to_path/install/setup.sh'
[11.679s] INFO:colcon.colcon_core.shell:Creating prefix script '/home/jetson/f1tenth/src/f1tenth_system/odom_to_path/install/local_setup.bash'
[11.681s] INFO:colcon.colcon_core.shell:Creating prefix chain script '/home/jetson/f1tenth/src/f1tenth_system/odom_to_path/install/setup.bash'
[11.688s] INFO:colcon.colcon_core.shell:Creating prefix script '/home/jetson/f1tenth/src/f1tenth_system/odom_to_path/install/local_setup.zsh'
[11.689s] INFO:colcon.colcon_core.shell:Creating prefix chain script '/home/jetson/f1tenth/src/f1tenth_system/odom_to_path/install/setup.zsh'
